<?xml version="1.0" encoding="UTF-8"?>
<!-- Generated by org.testng.reporters.JUnitReportReporter -->
<testsuite hostname="Miraclue" failures="0" tests="1" name="tests.smoke.Login" time="13.067" errors="0" timestamp="24 Mar 2019 06:09:37 GMT" skipped="0">
  <testcase classname="tests.smoke.Login" name="validLogin" time="13.067"/>
</testsuite> <!-- tests.smoke.Login -->
